#
# There is insufficient memory for the Java Runtime Environment to continue.
# Native memory allocation (mmap) failed to map 65011712 bytes for Failed to commit area from 0x0000000092e00000 to 0x0000000096c00000 of length 65011712.
# Possible reasons:
#   The system is out of physical RAM or swap space
#   The process is running with CompressedOops enabled, and the Java Heap may be blocking the growth of the native heap
# Possible solutions:
#   Reduce memory load on the system
#   Increase physical memory or swap space
#   Check if swap backing store is full
#   Decrease Java heap size (-Xmx/-Xms)
#   Decrease number of Java threads
#   Decrease Java thread stack sizes (-Xss)
#   Set larger code cache with -XX:ReservedCodeCacheSize=
#   JVM is running with Unscaled Compressed Oops mode in which the Java heap is
#     placed in the first 4GB address space. The Java Heap base address is the
#     maximum limit for the native heap growth. Please use -XX:HeapBaseMinAddress
#     to set the Java Heap base and to place the Java Heap above 4GB virtual address.
# This output file may be truncated or incomplete.
#
#  Out of Memory Error (./open/src/hotspot/os/windows/os_windows.cpp:3284), pid=13640, tid=11000
#
# JRE version: Java(TM) SE Runtime Environment 18.9 (11.0.14+8) (build 11.0.14+8-LTS-263)
# Java VM: Java HotSpot(TM) 64-Bit Server VM 18.9 (11.0.14+8-LTS-263, mixed mode, tiered, compressed oops, g1 gc, windows-amd64)
# No core dump will be written. Minidumps are not enabled by default on client versions of Windows
#

---------------  S U M M A R Y ------------

Command Line: -agentlib:jdwp=transport=dt_socket,address=127.0.0.1:50449,suspend=y,server=n -XX:TieredStopAtLevel=1 -Xverify:none -Dspring.output.ansi.enabled=always -javaagent:C:\Users\cuong\AppData\Local\JetBrains\IntelliJIdea2021.2\groovyHotSwap\gragent.jar -javaagent:C:\Users\cuong\AppData\Local\JetBrains\IntelliJIdea2021.2\captureAgent\debugger-agent.jar -Dcom.sun.management.jmxremote -Dspring.jmx.enabled=true -Dspring.liveBeansView.mbeanDomain -Dspring.application.admin.enabled=true -Dfile.encoding=UTF-8 vn.ngs.nspace.recruiting.Application

Host: Intel(R) Core(TM) i5-9300H CPU @ 2.40GHz, 8 cores, 7G,  Windows 10 , 64 bit Build 19041 (10.0.19041.1466)
Time: Tue Jul 19 11:33:54 2022 SE Asia Standard Time elapsed time: 16.801310 seconds (0d 0h 0m 16s)

---------------  T H R E A D  ---------------

Current thread (0x00000204ffa57800):  VMThread "VM Thread" [stack: 0x0000000968f00000,0x0000000969000000] [id=11000]

Stack: [0x0000000968f00000,0x0000000969000000]
[error occurred during error reporting (printing stack bounds), id 0xc0000005, EXCEPTION_ACCESS_VIOLATION (0xc0000005) at pc=0x00000204ed1a0f2d]

Native frames: (J=compiled Java code, j=interpreted, Vv=VM code, C=native code)
V  [jvm.dll+0x6296da]
V  [jvm.dll+0x76323f]
V  [jvm.dll+0x7648e9]
V  [jvm.dll+0x764ed5]
V  [jvm.dll+0x764e8b]
V  [jvm.dll+0x628c23]
V  [jvm.dll+0x6292d8]
C  [ntdll.dll+0xa20cf]
C  [ntdll.dll+0x51454]
C  [ntdll.dll+0xa0bfe]
C  0x00000204ed1a0f2d

VM_Operation (0x00000009689fd310): G1CollectForAllocation, mode: safepoint, requested by thread 0x00000204e5b36000


---------------  P R O C E S S  ---------------

Threads class SMR info:
_java_thread_list=0x000002048d58f9b0, length=33, elements={
0x00000204e5b36000, 0x00000204ffa7e000, 0x00000204ffa7f800, 0x00000204ffbe2800,
0x00000204ffbe3800, 0x00000204ffbe4800, 0x00000204ffbea000, 0x00000204ffbeb000,
0x00000204ffa14800, 0x00000204ffe07800, 0x00000204ffe0c800, 0x00000204ffe0d800,
0x0000020485346000, 0x00000204858e6800, 0x00000204859b4800, 0x0000020488c28800,
0x0000020488afb800, 0x0000020488680800, 0x000002048817d800, 0x0000020485509800,
0x0000020487795800, 0x0000020487793000, 0x0000020487796800, 0x0000020487794800,
0x0000020487797000, 0x0000020487798000, 0x0000020487799000, 0x0000020487799800,
0x0000020487794000, 0x000002048d042000, 0x000002048d043000, 0x000002048d03e000,
0x000002048d03f000
}

Java Threads: ( => current thread )
  0x00000204e5b36000 JavaThread "main" [_thread_blocked, id=7148, stack(0x0000000968900000,0x0000000968a00000)]
  0x00000204ffa7e000 JavaThread "Reference Handler" daemon [_thread_blocked, id=3144, stack(0x0000000969000000,0x0000000969100000)]
  0x00000204ffa7f800 JavaThread "Finalizer" daemon [_thread_blocked, id=5968, stack(0x0000000969100000,0x0000000969200000)]
  0x00000204ffbe2800 JavaThread "Signal Dispatcher" daemon [_thread_blocked, id=16596, stack(0x0000000969200000,0x0000000969300000)]
  0x00000204ffbe3800 JavaThread "Attach Listener" daemon [_thread_blocked, id=8980, stack(0x0000000969300000,0x0000000969400000)]
  0x00000204ffbe4800 JavaThread "Service Thread" daemon [_thread_blocked, id=19512, stack(0x0000000969400000,0x0000000969500000)]
  0x00000204ffbea000 JavaThread "C1 CompilerThread0" daemon [_thread_blocked, id=19776, stack(0x0000000969500000,0x0000000969600000)]
  0x00000204ffbeb000 JavaThread "Sweeper thread" daemon [_thread_blocked, id=4628, stack(0x0000000969600000,0x0000000969700000)]
  0x00000204ffa14800 JavaThread "Common-Cleaner" daemon [_thread_blocked, id=19356, stack(0x0000000969700000,0x0000000969800000)]
  0x00000204ffe07800 JavaThread "JDWP Transport Listener: dt_socket" daemon [_thread_blocked, id=15132, stack(0x0000000969800000,0x0000000969900000)]
  0x00000204ffe0c800 JavaThread "JDWP Event Helper Thread" daemon [_thread_blocked, id=12072, stack(0x0000000969900000,0x0000000969a00000)]
  0x00000204ffe0d800 JavaThread "JDWP Command Reader" daemon [_thread_in_native, id=19064, stack(0x0000000969a00000,0x0000000969b00000)]
  0x0000020485346000 JavaThread "RMI TCP Accept-0" daemon [_thread_in_native, id=12024, stack(0x0000000969d00000,0x0000000969e00000)]
  0x00000204858e6800 JavaThread "RMI TCP Connection(2)-172.16.33.13" daemon [_thread_in_native, id=19100, stack(0x0000000969f00000,0x000000096a000000)]
  0x00000204859b4800 JavaThread "RMI Scheduler(0)" daemon [_thread_blocked, id=10232, stack(0x000000096a000000,0x000000096a100000)]
  0x0000020488c28800 JavaThread "RMI TCP Connection(3)-172.16.33.13" daemon [_thread_blocked, id=17788, stack(0x000000096a100000,0x000000096a200000)]
  0x0000020488afb800 JavaThread "Thread-1" daemon [_thread_in_native, id=2096, stack(0x000000096a400000,0x000000096a500000)]
  0x0000020488680800 JavaThread "redisson-netty-2-1" [_thread_in_native, id=18920, stack(0x000000096a500000,0x000000096a600000)]
  0x000002048817d800 JavaThread "redisson-netty-2-2" [_thread_in_native, id=3748, stack(0x000000096a600000,0x000000096a700000)]
  0x0000020485509800 JavaThread "redisson-timer-4-1" [_thread_blocked, id=6644, stack(0x000000096a800000,0x000000096a900000)]
  0x0000020487795800 JavaThread "Catalina-utility-1" [_thread_blocked, id=16632, stack(0x000000096a900000,0x000000096aa00000)]
  0x0000020487793000 JavaThread "Catalina-utility-2" [_thread_blocked, id=11944, stack(0x000000096aa00000,0x000000096ab00000)]
  0x0000020487796800 JavaThread "container-0" [_thread_blocked, id=18440, stack(0x000000096ab00000,0x000000096ac00000)]
  0x0000020487794800 JavaThread "PostgreSQL-JDBC-SharedTimer-1" daemon [_thread_blocked, id=10220, stack(0x000000096b000000,0x000000096b100000)]
  0x0000020487797000 JavaThread "HikariPool-1 housekeeper" daemon [_thread_blocked, id=15184, stack(0x000000096b100000,0x000000096b200000)]
  0x0000020487798000 JavaThread "pool-1-thread-1" [_thread_blocked, id=20324, stack(0x000000096b200000,0x000000096b300000)]
  0x0000020487799000 JavaThread "ThreadPoolTaskScheduler-1" [_thread_blocked, id=9344, stack(0x000000096b300000,0x000000096b400000)]
  0x0000020487799800 JavaThread "consumer-0-C-1" [_thread_blocked, id=16272, stack(0x000000096b400000,0x000000096b500000)]
  0x0000020487794000 JavaThread "pool-2-thread-1" [_thread_blocked, id=1176, stack(0x000000096b500000,0x000000096b600000)]
  0x000002048d042000 JavaThread "ThreadPoolTaskScheduler-1" [_thread_blocked, id=19668, stack(0x000000096b600000,0x000000096b700000)]
  0x000002048d043000 JavaThread "consumer-0-C-1" [_thread_in_native, id=14096, stack(0x000000096b700000,0x000000096b800000)]
  0x000002048d03e000 JavaThread "kafka-coordinator-heartbeat-thread | recruiting-service" daemon [_thread_blocked, id=18756, stack(0x000000096b800000,0x000000096b900000)]
  0x000002048d03f000 JavaThread "kafka-coordinator-heartbeat-thread | recruiting-service" daemon [_thread_blocked, id=15356, stack(0x000000096b900000,0x000000096ba00000)]

Other Threads:
=>0x00000204ffa57800 VMThread "VM Thread" [stack: 0x0000000968f00000,0x0000000969000000] [id=11000]
  0x000002048532b800 WatcherThread [stack: 0x0000000969e00000,0x0000000969f00000] [id=17008]
  0x00000204e5b4c800 GCTaskThread "GC Thread#0" [stack: 0x0000000968a00000,0x0000000968b00000] [id=17956]
  0x000002048523a800 GCTaskThread "GC Thread#1" [stack: 0x0000000969b00000,0x0000000969c00000] [id=19952]
  0x000002048523b800 GCTaskThread "GC Thread#2" [stack: 0x0000000969c00000,0x0000000969d00000] [id=14056]
  0x0000020485a7b800 GCTaskThread "GC Thread#3" [stack: 0x000000096a200000,0x000000096a300000] [id=19392]
  0x00000204877a3000 GCTaskThread "GC Thread#4" [stack: 0x000000096ac00000,0x000000096ad00000] [id=17248]
  0x0000020487ae5000 GCTaskThread "GC Thread#5" [stack: 0x000000096ad00000,0x000000096ae00000] [id=18380]
  0x0000020487ae6000 GCTaskThread "GC Thread#6" [stack: 0x000000096ae00000,0x000000096af00000] [id=17872]
  0x0000020487ae6800 GCTaskThread "GC Thread#7" [stack: 0x000000096af00000,0x000000096b000000] [id=5936]
  0x00000204e5b7d800 ConcurrentGCThread "G1 Main Marker" [stack: 0x0000000968b00000,0x0000000968c00000] [id=20096]
  0x00000204e5b7f000 ConcurrentGCThread "G1 Conc#0" [stack: 0x0000000968c00000,0x0000000968d00000] [id=17304]
  0x00000204858d6800 ConcurrentGCThread "G1 Conc#1" [stack: 0x000000096a300000,0x000000096a400000] [id=11900]
  0x00000204e5bfd800 ConcurrentGCThread "G1 Refine#0" [stack: 0x0000000968d00000,0x0000000968e00000] [id=5400]
  0x00000204ff8c6800 ConcurrentGCThread "G1 Young RemSet Sampling" [stack: 0x0000000968e00000,0x0000000968f00000] [id=3000]

Threads with active compile tasks:

VM state:at safepoint (normal execution)

VM Mutex/Monitor currently owned by a thread:  ([mutex/lock_event])
[0x00000204e5b31bd0] Threads_lock - owner thread: 0x00000204ffa57800
[0x00000204e5b32440] Heap_lock - owner thread: 0x00000204e5b36000

Heap address: 0x0000000082600000, size: 2010 MB, Compressed Oops mode: 32-bit
Narrow klass base: 0x0000000000000000, Narrow klass shift: 3
Compressed class space size: 1073741824 Address: 0x0000000100000000

Heap:
 garbage-first heap   total 333824K, used 157429K [0x0000000082600000, 0x0000000100000000)
  region size 1024K, 7 young (7168K), 7 survivors (7168K)
 Metaspace       used 93799K, capacity 96477K, committed 96688K, reserved 1134592K
  class space    used 11530K, capacity 12532K, committed 12544K, reserved 1048576K
Heap Regions: E=young(eden), S=young(survivor), O=old, HS=humongous(starts), HC=humongous(continues), CS=collection set, F=free, A=archive, TAMS=top-at-mark-start (previous, next)
|   0|0x0000000082600000, 0x0000000082700000, 0x0000000082700000|100%|HS|  |TAMS 0x0000000082700000, 0x0000000082600000| Complete 
|   1|0x0000000082700000, 0x0000000082800000, 0x0000000082800000|100%| O|  |TAMS 0x0000000082800000, 0x0000000082700000| Updating 
|   2|0x0000000082800000, 0x0000000082900000, 0x0000000082900000|100%|HS|  |TAMS 0x0000000082900000, 0x0000000082800000| Complete 
|   3|0x0000000082900000, 0x0000000082a00000, 0x0000000082a00000|100%| O|  |TAMS 0x0000000082a00000, 0x0000000082900000| Updating 
|   4|0x0000000082a00000, 0x0000000082b00000, 0x0000000082b00000|100%| O|  |TAMS 0x0000000082b00000, 0x0000000082a00000| Updating 
|   5|0x0000000082b00000, 0x0000000082c00000, 0x0000000082c00000|100%| O|  |TAMS 0x0000000082c00000, 0x0000000082b00000| Updating 
|   6|0x0000000082c00000, 0x0000000082d00000, 0x0000000082d00000|100%| O|  |TAMS 0x0000000082d00000, 0x0000000082c00000| Updating 
|   7|0x0000000082d00000, 0x0000000082e00000, 0x0000000082e00000|100%| O|  |TAMS 0x0000000082e00000, 0x0000000082d00000| Updating 
|   8|0x0000000082e00000, 0x0000000082f00000, 0x0000000082f00000|100%| O|  |TAMS 0x0000000082f00000, 0x0000000082e00000| Updating 
|   9|0x0000000082f00000, 0x0000000083000000, 0x0000000083000000|100%| O|  |TAMS 0x0000000083000000, 0x0000000082f00000| Updating 
|  10|0x0000000083000000, 0x0000000083100000, 0x0000000083100000|100%| O|  |TAMS 0x0000000083100000, 0x0000000083000000| Updating 
|  11|0x0000000083100000, 0x0000000083200000, 0x0000000083200000|100%| O|  |TAMS 0x0000000083200000, 0x0000000083100000| Updating 
|  12|0x0000000083200000, 0x0000000083300000, 0x0000000083300000|100%| O|  |TAMS 0x0000000083300000, 0x0000000083200000| Updating 
|  13|0x0000000083300000, 0x0000000083400000, 0x0000000083400000|100%| O|  |TAMS 0x0000000083400000, 0x0000000083300000| Updating 
|  14|0x0000000083400000, 0x0000000083500000, 0x0000000083500000|100%| O|  |TAMS 0x0000000083500000, 0x0000000083400000| Updating 
|  15|0x0000000083500000, 0x0000000083600000, 0x0000000083600000|100%| O|  |TAMS 0x0000000083600000, 0x0000000083500000| Updating 
|  16|0x0000000083600000, 0x0000000083700000, 0x0000000083700000|100%| O|  |TAMS 0x0000000083700000, 0x0000000083600000| Updating 
|  17|0x0000000083700000, 0x0000000083800000, 0x0000000083800000|100%| O|  |TAMS 0x0000000083800000, 0x0000000083700000| Updating 
|  18|0x0000000083800000, 0x0000000083900000, 0x0000000083900000|100%| O|  |TAMS 0x0000000083900000, 0x0000000083800000| Updating 
|  19|0x0000000083900000, 0x0000000083a00000, 0x0000000083a00000|100%| O|  |TAMS 0x0000000083a00000, 0x0000000083900000| Updating 
|  20|0x0000000083a00000, 0x0000000083b00000, 0x0000000083b00000|100%| O|  |TAMS 0x0000000083b00000, 0x0000000083a00000| Updating 
|  21|0x0000000083b00000, 0x0000000083c00000, 0x0000000083c00000|100%| O|  |TAMS 0x0000000083c00000, 0x0000000083b00000| Updating 
|  22|0x0000000083c00000, 0x0000000083d00000, 0x0000000083d00000|100%| O|  |TAMS 0x0000000083d00000, 0x0000000083c00000| Updating 
|  23|0x0000000083d00000, 0x0000000083e00000, 0x0000000083e00000|100%| O|  |TAMS 0x0000000083e00000, 0x0000000083d00000| Updating 
|  24|0x0000000083e00000, 0x0000000083f00000, 0x0000000083f00000|100%| O|  |TAMS 0x0000000083f00000, 0x0000000083e00000| Updating 
|  25|0x0000000083f00000, 0x0000000084000000, 0x0000000084000000|100%| O|  |TAMS 0x0000000084000000, 0x0000000083f00000| Updating 
|  26|0x0000000084000000, 0x0000000084100000, 0x0000000084100000|100%| O|  |TAMS 0x0000000084100000, 0x0000000084000000| Updating 
|  27|0x0000000084100000, 0x0000000084200000, 0x0000000084200000|100%| O|  |TAMS 0x0000000084200000, 0x0000000084100000| Updating 
|  28|0x0000000084200000, 0x0000000084300000, 0x0000000084300000|100%| O|  |TAMS 0x0000000084300000, 0x0000000084200000| Updating 
|  29|0x0000000084300000, 0x0000000084400000, 0x0000000084400000|100%| O|  |TAMS 0x0000000084400000, 0x0000000084300000| Updating 
|  30|0x0000000084400000, 0x0000000084500000, 0x0000000084500000|100%| O|  |TAMS 0x0000000084500000, 0x0000000084400000| Updating 
|  31|0x0000000084500000, 0x0000000084600000, 0x0000000084600000|100%| O|  |TAMS 0x0000000084600000, 0x0000000084500000| Updating 
|  32|0x0000000084600000, 0x0000000084700000, 0x0000000084700000|100%| O|  |TAMS 0x0000000084700000, 0x0000000084600000| Updating 
|  33|0x0000000084700000, 0x0000000084800000, 0x0000000084800000|100%| O|  |TAMS 0x0000000084800000, 0x0000000084700000| Updating 
|  34|0x0000000084800000, 0x0000000084900000, 0x0000000084900000|100%| O|  |TAMS 0x0000000084900000, 0x0000000084800000| Updating 
|  35|0x0000000084900000, 0x0000000084a00000, 0x0000000084a00000|100%| O|  |TAMS 0x0000000084a00000, 0x0000000084900000| Updating 
|  36|0x0000000084a00000, 0x0000000084b00000, 0x0000000084b00000|100%| O|  |TAMS 0x0000000084b00000, 0x0000000084a00000| Updating 
|  37|0x0000000084b00000, 0x0000000084c00000, 0x0000000084c00000|100%| O|  |TAMS 0x0000000084c00000, 0x0000000084b00000| Updating 
|  38|0x0000000084c00000, 0x0000000084d00000, 0x0000000084d00000|100%| O|  |TAMS 0x0000000084d00000, 0x0000000084c00000| Updating 
|  39|0x0000000084d00000, 0x0000000084e00000, 0x0000000084e00000|100%| O|  |TAMS 0x0000000084e00000, 0x0000000084d00000| Updating 
|  40|0x0000000084e00000, 0x0000000084f00000, 0x0000000084f00000|100%| O|  |TAMS 0x0000000084f00000, 0x0000000084e00000| Updating 
|  41|0x0000000084f00000, 0x0000000085000000, 0x0000000085000000|100%| O|  |TAMS 0x0000000085000000, 0x0000000084f00000| Updating 
|  42|0x0000000085000000, 0x0000000085100000, 0x0000000085100000|100%| O|  |TAMS 0x0000000085100000, 0x0000000085000000| Updating 
|  43|0x0000000085100000, 0x0000000085200000, 0x0000000085200000|100%| O|  |TAMS 0x0000000085200000, 0x0000000085100000| Updating 
|  44|0x0000000085200000, 0x0000000085300000, 0x0000000085300000|100%| O|  |TAMS 0x0000000085300000, 0x0000000085200000| Updating 
|  45|0x0000000085300000, 0x0000000085400000, 0x0000000085400000|100%| O|  |TAMS 0x0000000085400000, 0x0000000085300000| Updating 
|  46|0x0000000085400000, 0x0000000085500000, 0x0000000085500000|100%| O|  |TAMS 0x0000000085500000, 0x0000000085400000| Updating 
|  47|0x0000000085500000, 0x0000000085600000, 0x0000000085600000|100%| O|  |TAMS 0x0000000085600000, 0x0000000085500000| Updating 
|  48|0x0000000085600000, 0x0000000085700000, 0x0000000085700000|100%| O|  |TAMS 0x0000000085700000, 0x0000000085600000| Updating 
|  49|0x0000000085700000, 0x0000000085800000, 0x0000000085800000|100%| O|  |TAMS 0x0000000085800000, 0x0000000085700000| Updating 
|  50|0x0000000085800000, 0x0000000085900000, 0x0000000085900000|100%| O|  |TAMS 0x0000000085900000, 0x0000000085800000| Updating 
|  51|0x0000000085900000, 0x0000000085a00000, 0x0000000085a00000|100%| O|  |TAMS 0x0000000085a00000, 0x0000000085900000| Updating 
|  52|0x0000000085a00000, 0x0000000085b00000, 0x0000000085b00000|100%| O|  |TAMS 0x0000000085b00000, 0x0000000085a00000| Updating 
|  53|0x0000000085b00000, 0x0000000085c00000, 0x0000000085c00000|100%| O|  |TAMS 0x0000000085c00000, 0x0000000085b00000| Updating 
|  54|0x0000000085c00000, 0x0000000085d00000, 0x0000000085d00000|100%| O|  |TAMS 0x0000000085d00000, 0x0000000085c00000| Updating 
|  55|0x0000000085d00000, 0x0000000085e00000, 0x0000000085e00000|100%| O|  |TAMS 0x0000000085e00000, 0x0000000085d00000| Updating 
|  56|0x0000000085e00000, 0x0000000085f00000, 0x0000000085f00000|100%| O|  |TAMS 0x0000000085f00000, 0x0000000085e00000| Updating 
|  57|0x0000000085f00000, 0x0000000086000000, 0x0000000086000000|100%| O|  |TAMS 0x0000000086000000, 0x0000000085f00000| Updating 
|  58|0x0000000086000000, 0x0000000086100000, 0x0000000086100000|100%| O|  |TAMS 0x0000000086100000, 0x0000000086000000| Updating 
|  59|0x0000000086100000, 0x0000000086200000, 0x0000000086200000|100%| O|  |TAMS 0x0000000086200000, 0x0000000086100000| Updating 
|  60|0x0000000086200000, 0x0000000086300000, 0x0000000086300000|100%| O|  |TAMS 0x0000000086300000, 0x0000000086200000| Updating 
|  61|0x0000000086300000, 0x0000000086400000, 0x0000000086400000|100%| O|  |TAMS 0x0000000086400000, 0x0000000086300000| Updating 
|  62|0x0000000086400000, 0x0000000086500000, 0x0000000086500000|100%| O|  |TAMS 0x0000000086500000, 0x0000000086400000| Updating 
|  63|0x0000000086500000, 0x0000000086600000, 0x0000000086600000|100%| O|  |TAMS 0x0000000086600000, 0x0000000086500000| Updating 
|  64|0x0000000086600000, 0x0000000086700000, 0x0000000086700000|100%| O|  |TAMS 0x0000000086700000, 0x0000000086600000| Updating 
|  65|0x0000000086700000, 0x0000000086800000, 0x0000000086800000|100%| O|  |TAMS 0x0000000086800000, 0x0000000086700000| Updating 
|  66|0x0000000086800000, 0x0000000086900000, 0x0000000086900000|100%| O|  |TAMS 0x0000000086900000, 0x0000000086800000| Updating 
|  67|0x0000000086900000, 0x0000000086a00000, 0x0000000086a00000|100%| O|  |TAMS 0x0000000086a00000, 0x0000000086900000| Updating 
|  68|0x0000000086a00000, 0x0000000086b00000, 0x0000000086b00000|100%| O|  |TAMS 0x0000000086b00000, 0x0000000086a00000| Updating 
|  69|0x0000000086b00000, 0x0000000086c00000, 0x0000000086c00000|100%| O|  |TAMS 0x0000000086c00000, 0x0000000086b00000| Updating 
|  70|0x0000000086c00000, 0x0000000086d00000, 0x0000000086d00000|100%| O|  |TAMS 0x0000000086d00000, 0x0000000086c00000| Updating 
|  71|0x0000000086d00000, 0x0000000086e00000, 0x0000000086e00000|100%| O|  |TAMS 0x0000000086e00000, 0x0000000086d00000| Updating 
|  72|0x0000000086e00000, 0x0000000086f00000, 0x0000000086f00000|100%| O|  |TAMS 0x0000000086f00000, 0x0000000086e00000| Updating 
|  73|0x0000000086f00000, 0x0000000087000000, 0x0000000087000000|100%| O|  |TAMS 0x0000000087000000, 0x0000000086f00000| Updating 
|  74|0x0000000087000000, 0x0000000087100000, 0x0000000087100000|100%| O|  |TAMS 0x0000000087100000, 0x0000000087000000| Updating 
|  75|0x0000000087100000, 0x0000000087200000, 0x0000000087200000|100%| O|  |TAMS 0x0000000087200000, 0x0000000087100000| Updating 
|  76|0x0000000087200000, 0x0000000087300000, 0x0000000087300000|100%| O|  |TAMS 0x0000000087300000, 0x0000000087200000| Updating 
|  77|0x0000000087300000, 0x0000000087400000, 0x0000000087400000|100%| O|  |TAMS 0x0000000087400000, 0x0000000087300000| Updating 
|  78|0x0000000087400000, 0x0000000087500000, 0x0000000087500000|100%| O|  |TAMS 0x0000000087500000, 0x0000000087400000| Updating 
|  79|0x0000000087500000, 0x0000000087600000, 0x0000000087600000|100%| O|  |TAMS 0x0000000087600000, 0x0000000087500000| Updating 
|  80|0x0000000087600000, 0x0000000087700000, 0x0000000087700000|100%| O|  |TAMS 0x0000000087700000, 0x0000000087600000| Updating 
|  81|0x0000000087700000, 0x0000000087800000, 0x0000000087800000|100%| O|  |TAMS 0x0000000087800000, 0x0000000087700000| Updating 
|  82|0x0000000087800000, 0x0000000087900000, 0x0000000087900000|100%| O|  |TAMS 0x0000000087900000, 0x0000000087800000| Updating 
|  83|0x0000000087900000, 0x0000000087a00000, 0x0000000087a00000|100%| O|  |TAMS 0x0000000087a00000, 0x0000000087900000| Updating 
|  84|0x0000000087a00000, 0x0000000087b00000, 0x0000000087b00000|100%| O|  |TAMS 0x0000000087a00000, 0x0000000087a00000| Untracked 
|  85|0x0000000087b00000, 0x0000000087c00000, 0x0000000087c00000|100%| O|  |TAMS 0x0000000087b00000, 0x0000000087b00000| Untracked 
|  86|0x0000000087c00000, 0x0000000087d00000, 0x0000000087d00000|100%| O|  |TAMS 0x0000000087d00000, 0x0000000087c00000| Updating 
|  87|0x0000000087d00000, 0x0000000087e00000, 0x0000000087e00000|100%| O|  |TAMS 0x0000000087e00000, 0x0000000087d00000| Updating 
|  88|0x0000000087e00000, 0x0000000087f00000, 0x0000000087f00000|100%| O|  |TAMS 0x0000000087f00000, 0x0000000087e00000| Updating 
|  89|0x0000000087f00000, 0x0000000088000000, 0x0000000088000000|100%| O|  |TAMS 0x0000000088000000, 0x0000000087f00000| Updating 
|  90|0x0000000088000000, 0x0000000088100000, 0x0000000088100000|100%| O|  |TAMS 0x0000000088100000, 0x0000000088000000| Updating 
|  91|0x0000000088100000, 0x0000000088200000, 0x0000000088200000|100%| O|  |TAMS 0x0000000088100000, 0x0000000088100000| Untracked 
|  92|0x0000000088200000, 0x0000000088300000, 0x0000000088300000|100%| O|  |TAMS 0x0000000088300000, 0x0000000088200000| Updating 
|  93|0x0000000088300000, 0x0000000088400000, 0x0000000088400000|100%| O|  |TAMS 0x0000000088400000, 0x0000000088300000| Updating 
|  94|0x0000000088400000, 0x0000000088500000, 0x0000000088500000|100%| O|  |TAMS 0x0000000088400000, 0x0000000088400000| Untracked 
|  95|0x0000000088500000, 0x0000000088600000, 0x0000000088600000|100%| O|  |TAMS 0x0000000088600000, 0x0000000088500000| Updating 
|  96|0x0000000088600000, 0x0000000088700000, 0x0000000088700000|100%| O|  |TAMS 0x0000000088700000, 0x0000000088600000| Updating 
|  97|0x0000000088700000, 0x0000000088800000, 0x0000000088800000|100%| O|  |TAMS 0x0000000088800000, 0x0000000088700000| Updating 
|  98|0x0000000088800000, 0x0000000088900000, 0x0000000088900000|100%| O|  |TAMS 0x0000000088900000, 0x0000000088800000| Updating 
|  99|0x0000000088900000, 0x0000000088a00000, 0x0000000088a00000|100%| O|  |TAMS 0x0000000088900000, 0x0000000088900000| Untracked 
| 100|0x0000000088a00000, 0x0000000088b00000, 0x0000000088b00000|100%| O|  |TAMS 0x0000000088a00000, 0x0000000088a00000| Untracked 
| 101|0x0000000088b00000, 0x0000000088c00000, 0x0000000088c00000|100%| O|  |TAMS 0x0000000088b00000, 0x0000000088b00000| Untracked 
| 102|0x0000000088c00000, 0x0000000088d00000, 0x0000000088d00000|100%| O|  |TAMS 0x0000000088d00000, 0x0000000088c00000| Updating 
| 103|0x0000000088d00000, 0x0000000088e00000, 0x0000000088e00000|100%| O|  |TAMS 0x0000000088d00000, 0x0000000088d00000| Untracked 
| 104|0x0000000088e00000, 0x0000000088f00000, 0x0000000088f00000|100%| O|  |TAMS 0x0000000088e00000, 0x0000000088e00000| Untracked 
| 105|0x0000000088f00000, 0x0000000089000000, 0x0000000089000000|100%| O|  |TAMS 0x0000000088f00000, 0x0000000088f00000| Untracked 
| 106|0x0000000089000000, 0x0000000089100000, 0x0000000089100000|100%| O|  |TAMS 0x0000000089000000, 0x0000000089000000| Untracked 
| 107|0x0000000089100000, 0x0000000089200000, 0x0000000089200000|100%| O|  |TAMS 0x0000000089200000, 0x0000000089100000| Updating 
| 108|0x0000000089200000, 0x0000000089300000, 0x0000000089300000|100%| O|  |TAMS 0x0000000089200000, 0x0000000089200000| Untracked 
| 109|0x0000000089300000, 0x0000000089400000, 0x0000000089400000|100%| O|  |TAMS 0x0000000089400000, 0x0000000089300000| Updating 
| 110|0x0000000089400000, 0x0000000089500000, 0x0000000089500000|100%| O|  |TAMS 0x0000000089500000, 0x0000000089400000| Updating 
| 111|0x0000000089500000, 0x0000000089600000, 0x0000000089600000|100%| O|  |TAMS 0x0000000089600000, 0x0000000089500000| Updating 
| 112|0x0000000089600000, 0x0000000089700000, 0x0000000089700000|100%| O|  |TAMS 0x0000000089700000, 0x0000000089600000| Updating 
| 113|0x0000000089700000, 0x0000000089800000, 0x0000000089800000|100%| O|  |TAMS 0x0000000089800000, 0x0000000089700000| Updating 
| 114|0x0000000089800000, 0x0000000089900000, 0x0000000089900000|100%| O|  |TAMS 0x0000000089900000, 0x0000000089800000| Updating 
| 115|0x0000000089900000, 0x0000000089a00000, 0x0000000089a00000|100%| O|  |TAMS 0x0000000089900000, 0x0000000089900000| Untracked 
| 116|0x0000000089a00000, 0x0000000089b00000, 0x0000000089b00000|100%| O|  |TAMS 0x0000000089b00000, 0x0000000089a00000| Updating 
| 117|0x0000000089b00000, 0x0000000089bbd400, 0x0000000089c00000| 73%| O|  |TAMS 0x0000000089b00000, 0x0000000089b00000| Untracked 
| 118|0x0000000089c00000, 0x0000000089c00000, 0x0000000089d00000|  0%| F|  |TAMS 0x0000000089c00000, 0x0000000089c00000| Untracked 
| 119|0x0000000089d00000, 0x0000000089d00000, 0x0000000089e00000|  0%| F|  |TAMS 0x0000000089d00000, 0x0000000089d00000| Untracked 
| 120|0x0000000089e00000, 0x0000000089e00000, 0x0000000089f00000|  0%| F|  |TAMS 0x0000000089e00000, 0x0000000089e00000| Untracked 
| 121|0x0000000089f00000, 0x0000000089f00000, 0x000000008a000000|  0%| F|  |TAMS 0x0000000089f00000, 0x0000000089f00000| Untracked 
| 122|0x000000008a000000, 0x000000008a000000, 0x000000008a100000|  0%| F|  |TAMS 0x000000008a000000, 0x000000008a000000| Untracked 
| 123|0x000000008a100000, 0x000000008a200000, 0x000000008a200000|100%| O|  |TAMS 0x000000008a200000, 0x000000008a100000| Updating 
| 124|0x000000008a200000, 0x000000008a300000, 0x000000008a300000|100%| O|  |TAMS 0x000000008a300000, 0x000000008a200000| Updating 
| 125|0x000000008a300000, 0x000000008a400000, 0x000000008a400000|100%| O|  |TAMS 0x000000008a400000, 0x000000008a300000| Updating 
| 126|0x000000008a400000, 0x000000008a500000, 0x000000008a500000|100%| O|  |TAMS 0x000000008a500000, 0x000000008a400000| Updating 
| 127|0x000000008a500000, 0x000000008a600000, 0x000000008a600000|100%| O|  |TAMS 0x000000008a600000, 0x000000008a500000| Updating 
| 128|0x000000008a600000, 0x000000008a700000, 0x000000008a700000|100%| O|  |TAMS 0x000000008a700000, 0x000000008a600000| Updating 
| 129|0x000000008a700000, 0x000000008a800000, 0x000000008a800000|100%| O|  |TAMS 0x000000008a800000, 0x000000008a700000| Updating 
| 130|0x000000008a800000, 0x000000008a900000, 0x000000008a900000|100%| O|  |TAMS 0x000000008a900000, 0x000000008a800000| Updating 
| 131|0x000000008a900000, 0x000000008aa00000, 0x000000008aa00000|100%| O|  |TAMS 0x000000008aa00000, 0x000000008a900000| Updating 
| 132|0x000000008aa00000, 0x000000008ab00000, 0x000000008ab00000|100%| O|  |TAMS 0x000000008ab00000, 0x000000008aa00000| Updating 
| 133|0x000000008ab00000, 0x000000008ac00000, 0x000000008ac00000|100%| O|  |TAMS 0x000000008ac00000, 0x000000008ab00000| Updating 
| 134|0x000000008ac00000, 0x000000008ad00000, 0x000000008ad00000|100%| O|  |TAMS 0x000000008ad00000, 0x000000008ac00000| Updating 
| 135|0x000000008ad00000, 0x000000008ae00000, 0x000000008ae00000|100%| O|  |TAMS 0x000000008ae00000, 0x000000008ad00000| Updating 
| 136|0x000000008ae00000, 0x000000008ae00000, 0x000000008af00000|  0%| F|  |TAMS 0x000000008ae00000, 0x000000008ae00000| Untracked 
| 137|0x000000008af00000, 0x000000008b000000, 0x000000008b000000|100%| O|  |TAMS 0x000000008b000000, 0x000000008af00000| Updating 
| 138|0x000000008b000000, 0x000000008b100000, 0x000000008b100000|100%| O|  |TAMS 0x000000008b100000, 0x000000008b000000| Updating 
| 139|0x000000008b100000, 0x000000008b100000, 0x000000008b200000|  0%| F|  |TAMS 0x000000008b100000, 0x000000008b100000| Untracked 
| 140|0x000000008b200000, 0x000000008b300000, 0x000000008b300000|100%| O|  |TAMS 0x000000008b300000, 0x000000008b200000| Updating 
| 141|0x000000008b300000, 0x000000008b400000, 0x000000008b400000|100%| O|  |TAMS 0x000000008b400000, 0x000000008b300000| Updating 
| 142|0x000000008b400000, 0x000000008b500000, 0x000000008b500000|100%| O|  |TAMS 0x000000008b500000, 0x000000008b400000| Updating 
| 143|0x000000008b500000, 0x000000008b500000, 0x000000008b600000|  0%| F|  |TAMS 0x000000008b500000, 0x000000008b500000| Untracked 
| 144|0x000000008b600000, 0x000000008b700000, 0x000000008b700000|100%| O|  |TAMS 0x000000008b700000, 0x000000008b600000| Updating 
| 145|0x000000008b700000, 0x000000008b800000, 0x000000008b800000|100%| O|  |TAMS 0x000000008b800000, 0x000000008b700000| Updating 
| 146|0x000000008b800000, 0x000000008b900000, 0x000000008b900000|100%| O|  |TAMS 0x000000008b900000, 0x000000008b800000| Updating 
| 147|0x000000008b900000, 0x000000008ba00000, 0x000000008ba00000|100%| O|  |TAMS 0x000000008ba00000, 0x000000008b900000| Updating 
| 148|0x000000008ba00000, 0x000000008bb00000, 0x000000008bb00000|100%| O|  |TAMS 0x000000008bb00000, 0x000000008ba00000| Updating 
| 149|0x000000008bb00000, 0x000000008bc00000, 0x000000008bc00000|100%| O|  |TAMS 0x000000008bc00000, 0x000000008bb00000| Updating 
| 150|0x000000008bc00000, 0x000000008bd00000, 0x000000008bd00000|100%| O|  |TAMS 0x000000008bd00000, 0x000000008bc00000| Updating 
| 151|0x000000008bd00000, 0x000000008be00000, 0x000000008be00000|100%| O|  |TAMS 0x000000008be00000, 0x000000008bd00000| Updating 
| 152|0x000000008be00000, 0x000000008bf00000, 0x000000008bf00000|100%| O|  |TAMS 0x000000008bf00000, 0x000000008be00000| Updating 
| 153|0x000000008bf00000, 0x000000008c000000, 0x000000008c000000|100%| O|  |TAMS 0x000000008c000000, 0x000000008bf00000| Updating 
| 154|0x000000008c000000, 0x000000008c100000, 0x000000008c100000|100%| O|  |TAMS 0x000000008c100000, 0x000000008c000000| Updating 
| 155|0x000000008c100000, 0x000000008c100000, 0x000000008c200000|  0%| F|  |TAMS 0x000000008c100000, 0x000000008c100000| Untracked 
| 156|0x000000008c200000, 0x000000008c200000, 0x000000008c300000|  0%| F|  |TAMS 0x000000008c200000, 0x000000008c200000| Untracked 
| 157|0x000000008c300000, 0x000000008c300000, 0x000000008c400000|  0%| F|  |TAMS 0x000000008c300000, 0x000000008c300000| Untracked 
| 158|0x000000008c400000, 0x000000008c400000, 0x000000008c500000|  0%| F|  |TAMS 0x000000008c400000, 0x000000008c400000| Untracked 
| 159|0x000000008c500000, 0x000000008c500000, 0x000000008c600000|  0%| F|  |TAMS 0x000000008c500000, 0x000000008c500000| Untracked 
| 160|0x000000008c600000, 0x000000008c600000, 0x000000008c700000|  0%| F|  |TAMS 0x000000008c600000, 0x000000008c600000| Untracked 
| 161|0x000000008c700000, 0x000000008c700000, 0x000000008c800000|  0%| F|  |TAMS 0x000000008c700000, 0x000000008c700000| Untracked 
| 162|0x000000008c800000, 0x000000008c800000, 0x000000008c900000|  0%| F|  |TAMS 0x000000008c800000, 0x000000008c800000| Untracked 
| 163|0x000000008c900000, 0x000000008c900000, 0x000000008ca00000|  0%| F|  |TAMS 0x000000008c900000, 0x000000008c900000| Untracked 
| 164|0x000000008ca00000, 0x000000008ca00000, 0x000000008cb00000|  0%| F|  |TAMS 0x000000008ca00000, 0x000000008ca00000| Untracked 
| 165|0x000000008cb00000, 0x000000008cb00000, 0x000000008cc00000|  0%| F|  |TAMS 0x000000008cb00000, 0x000000008cb00000| Untracked 
| 166|0x000000008cc00000, 0x000000008cc00000, 0x000000008cd00000|  0%| F|  |TAMS 0x000000008cc00000, 0x000000008cc00000| Untracked 
| 167|0x000000008cd00000, 0x000000008cd00000, 0x000000008ce00000|  0%| F|  |TAMS 0x000000008cd00000, 0x000000008cd00000| Untracked 
| 168|0x000000008ce00000, 0x000000008ce00000, 0x000000008cf00000|  0%| F|  |TAMS 0x000000008ce00000, 0x000000008ce00000| Untracked 
| 169|0x000000008cf00000, 0x000000008cf00000, 0x000000008d000000|  0%| F|  |TAMS 0x000000008cf00000, 0x000000008cf00000| Untracked 
| 170|0x000000008d000000, 0x000000008d000000, 0x000000008d100000|  0%| F|  |TAMS 0x000000008d000000, 0x000000008d000000| Untracked 
| 171|0x000000008d100000, 0x000000008d100000, 0x000000008d200000|  0%| F|  |TAMS 0x000000008d100000, 0x000000008d100000| Untracked 
| 172|0x000000008d200000, 0x000000008d200000, 0x000000008d300000|  0%| F|  |TAMS 0x000000008d200000, 0x000000008d200000| Untracked 
| 173|0x000000008d300000, 0x000000008d300000, 0x000000008d400000|  0%| F|  |TAMS 0x000000008d300000, 0x000000008d300000| Untracked 
| 174|0x000000008d400000, 0x000000008d400000, 0x000000008d500000|  0%| F|  |TAMS 0x000000008d400000, 0x000000008d400000| Untracked 
| 175|0x000000008d500000, 0x000000008d500000, 0x000000008d600000|  0%| F|  |TAMS 0x000000008d500000, 0x000000008d500000| Untracked 
| 176|0x000000008d600000, 0x000000008d600000, 0x000000008d700000|  0%| F|  |TAMS 0x000000008d600000, 0x000000008d600000| Untracked 
| 177|0x000000008d700000, 0x000000008d700000, 0x000000008d800000|  0%| F|  |TAMS 0x000000008d700000, 0x000000008d700000| Untracked 
| 178|0x000000008d800000, 0x000000008d800000, 0x000000008d900000|  0%| F|  |TAMS 0x000000008d800000, 0x000000008d800000| Untracked 
| 179|0x000000008d900000, 0x000000008d900000, 0x000000008da00000|  0%| F|  |TAMS 0x000000008d900000, 0x000000008d900000| Untracked 
| 180|0x000000008da00000, 0x000000008da00000, 0x000000008db00000|  0%| F|  |TAMS 0x000000008da00000, 0x000000008da00000| Untracked 
| 181|0x000000008db00000, 0x000000008db00000, 0x000000008dc00000|  0%| F|  |TAMS 0x000000008db00000, 0x000000008db00000| Untracked 
| 182|0x000000008dc00000, 0x000000008dc00000, 0x000000008dd00000|  0%| F|  |TAMS 0x000000008dc00000, 0x000000008dc00000| Untracked 
| 183|0x000000008dd00000, 0x000000008dd00000, 0x000000008de00000|  0%| F|  |TAMS 0x000000008dd00000, 0x000000008dd00000| Untracked 
| 184|0x000000008de00000, 0x000000008de00000, 0x000000008df00000|  0%| F|  |TAMS 0x000000008de00000, 0x000000008de00000| Untracked 
| 185|0x000000008df00000, 0x000000008df00000, 0x000000008e000000|  0%| F|  |TAMS 0x000000008df00000, 0x000000008df00000| Untracked 
| 186|0x000000008e000000, 0x000000008e000000, 0x000000008e100000|  0%| F|  |TAMS 0x000000008e000000, 0x000000008e000000| Untracked 
| 187|0x000000008e100000, 0x000000008e100000, 0x000000008e200000|  0%| F|  |TAMS 0x000000008e100000, 0x000000008e100000| Untracked 
| 188|0x000000008e200000, 0x000000008e200000, 0x000000008e300000|  0%| F|  |TAMS 0x000000008e200000, 0x000000008e200000| Untracked 
| 189|0x000000008e300000, 0x000000008e300000, 0x000000008e400000|  0%| F|  |TAMS 0x000000008e300000, 0x000000008e300000| Untracked 
| 190|0x000000008e400000, 0x000000008e400000, 0x000000008e500000|  0%| F|  |TAMS 0x000000008e400000, 0x000000008e400000| Untracked 
| 191|0x000000008e500000, 0x000000008e500000, 0x000000008e600000|  0%| F|  |TAMS 0x000000008e500000, 0x000000008e500000| Untracked 
| 192|0x000000008e600000, 0x000000008e600000, 0x000000008e700000|  0%| F|  |TAMS 0x000000008e600000, 0x000000008e600000| Untracked 
| 193|0x000000008e700000, 0x000000008e700000, 0x000000008e800000|  0%| F|  |TAMS 0x000000008e700000, 0x000000008e700000| Untracked 
| 194|0x000000008e800000, 0x000000008e800000, 0x000000008e900000|  0%| F|  |TAMS 0x000000008e800000, 0x000000008e800000| Untracked 
| 195|0x000000008e900000, 0x000000008e900000, 0x000000008ea00000|  0%| F|  |TAMS 0x000000008e900000, 0x000000008e900000| Untracked 
| 196|0x000000008ea00000, 0x000000008ea00000, 0x000000008eb00000|  0%| F|  |TAMS 0x000000008ea00000, 0x000000008ea00000| Untracked 
| 197|0x000000008eb00000, 0x000000008eb00000, 0x000000008ec00000|  0%| F|  |TAMS 0x000000008eb00000, 0x000000008eb00000| Untracked 
| 198|0x000000008ec00000, 0x000000008ec00000, 0x000000008ed00000|  0%| F|  |TAMS 0x000000008ec00000, 0x000000008ec00000| Untracked 
| 199|0x000000008ed00000, 0x000000008ed00000, 0x000000008ee00000|  0%| F|  |TAMS 0x000000008ed00000, 0x000000008ed00000| Untracked 
| 200|0x000000008ee00000, 0x000000008ee00000, 0x000000008ef00000|  0%| F|  |TAMS 0x000000008ee00000, 0x000000008ee00000| Untracked 
| 201|0x000000008ef00000, 0x000000008ef00000, 0x000000008f000000|  0%| F|  |TAMS 0x000000008ef00000, 0x000000008ef00000| Untracked 
| 202|0x000000008f000000, 0x000000008f000000, 0x000000008f100000|  0%| F|  |TAMS 0x000000008f000000, 0x000000008f000000| Untracked 
| 203|0x000000008f100000, 0x000000008f100000, 0x000000008f200000|  0%| F|  |TAMS 0x000000008f100000, 0x000000008f100000| Untracked 
| 204|0x000000008f200000, 0x000000008f200000, 0x000000008f300000|  0%| F|  |TAMS 0x000000008f200000, 0x000000008f200000| Untracked 
| 205|0x000000008f300000, 0x000000008f300000, 0x000000008f400000|  0%| F|  |TAMS 0x000000008f300000, 0x000000008f300000| Untracked 
| 206|0x000000008f400000, 0x000000008f400000, 0x000000008f500000|  0%| F|  |TAMS 0x000000008f400000, 0x000000008f400000| Untracked 
| 207|0x000000008f500000, 0x000000008f600000, 0x000000008f600000|100%| S|CS|TAMS 0x000000008f500000, 0x000000008f500000| Complete 
| 208|0x000000008f600000, 0x000000008f700000, 0x000000008f700000|100%| S|CS|TAMS 0x000000008f600000, 0x000000008f600000| Complete 
| 209|0x000000008f700000, 0x000000008f800000, 0x000000008f800000|100%| S|CS|TAMS 0x000000008f700000, 0x000000008f700000| Complete 
| 210|0x000000008f800000, 0x000000008f900000, 0x000000008f900000|100%| S|CS|TAMS 0x000000008f800000, 0x000000008f800000| Complete 
| 211|0x000000008f900000, 0x000000008fa00000, 0x000000008fa00000|100%| S|CS|TAMS 0x000000008f900000, 0x000000008f900000| Complete 
| 212|0x000000008fa00000, 0x000000008fb00000, 0x000000008fb00000|100%| S|CS|TAMS 0x000000008fa00000, 0x000000008fa00000| Complete 
| 213|0x000000008fb00000, 0x000000008fc00000, 0x000000008fc00000|100%| S|CS|TAMS 0x000000008fb00000, 0x000000008fb00000| Complete 
| 214|0x000000008fc00000, 0x000000008fc00000, 0x000000008fd00000|  0%| F|  |TAMS 0x000000008fc00000, 0x000000008fc00000| Untracked 
| 215|0x000000008fd00000, 0x000000008fd00000, 0x000000008fe00000|  0%| F|  |TAMS 0x000000008fd00000, 0x000000008fd00000| Untracked 
| 216|0x000000008fe00000, 0x000000008fe00000, 0x000000008ff00000|  0%| F|  |TAMS 0x000000008fe00000, 0x000000008fe00000| Untracked 
| 217|0x000000008ff00000, 0x000000008ff00000, 0x0000000090000000|  0%| F|  |TAMS 0x000000008ff00000, 0x000000008ff00000| Untracked 
| 218|0x0000000090000000, 0x0000000090000000, 0x0000000090100000|  0%| F|  |TAMS 0x0000000090000000, 0x0000000090000000| Untracked 
| 219|0x0000000090100000, 0x0000000090100000, 0x0000000090200000|  0%| F|  |TAMS 0x0000000090100000, 0x0000000090100000| Untracked 
| 220|0x0000000090200000, 0x0000000090200000, 0x0000000090300000|  0%| F|  |TAMS 0x0000000090200000, 0x0000000090200000| Untracked 
| 221|0x0000000090300000, 0x0000000090300000, 0x0000000090400000|  0%| F|  |TAMS 0x0000000090300000, 0x0000000090300000| Untracked 
| 222|0x0000000090400000, 0x0000000090400000, 0x0000000090500000|  0%| F|  |TAMS 0x0000000090400000, 0x0000000090400000| Untracked 
| 223|0x0000000090500000, 0x0000000090500000, 0x0000000090600000|  0%| F|  |TAMS 0x0000000090500000, 0x0000000090500000| Untracked 
| 224|0x0000000090600000, 0x0000000090600000, 0x0000000090700000|  0%| F|  |TAMS 0x0000000090600000, 0x0000000090600000| Untracked 
| 225|0x0000000090700000, 0x0000000090700000, 0x0000000090800000|  0%| F|  |TAMS 0x0000000090700000, 0x0000000090700000| Untracked 
| 226|0x0000000090800000, 0x0000000090800000, 0x0000000090900000|  0%| F|  |TAMS 0x0000000090800000, 0x0000000090800000| Untracked 
| 227|0x0000000090900000, 0x0000000090900000, 0x0000000090a00000|  0%| F|  |TAMS 0x0000000090900000, 0x0000000090900000| Untracked 
| 228|0x0000000090a00000, 0x0000000090a00000, 0x0000000090b00000|  0%| F|  |TAMS 0x0000000090a00000, 0x0000000090a00000| Untracked 
| 229|0x0000000090b00000, 0x0000000090b00000, 0x0000000090c00000|  0%| F|  |TAMS 0x0000000090b00000, 0x0000000090b00000| Untracked 
| 230|0x0000000090c00000, 0x0000000090c00000, 0x0000000090d00000|  0%| F|  |TAMS 0x0000000090c00000, 0x0000000090c00000| Untracked 
| 231|0x0000000090d00000, 0x0000000090d00000, 0x0000000090e00000|  0%| F|  |TAMS 0x0000000090d00000, 0x0000000090d00000| Untracked 
| 232|0x0000000090e00000, 0x0000000090e00000, 0x0000000090f00000|  0%| F|  |TAMS 0x0000000090e00000, 0x0000000090e00000| Untracked 
| 233|0x0000000090f00000, 0x0000000090f00000, 0x0000000091000000|  0%| F|  |TAMS 0x0000000090f00000, 0x0000000090f00000| Untracked 
| 234|0x0000000091000000, 0x0000000091000000, 0x0000000091100000|  0%| F|  |TAMS 0x0000000091000000, 0x0000000091000000| Untracked 
| 235|0x0000000091100000, 0x0000000091100000, 0x0000000091200000|  0%| F|  |TAMS 0x0000000091100000, 0x0000000091100000| Untracked 
| 236|0x0000000091200000, 0x0000000091200000, 0x0000000091300000|  0%| F|  |TAMS 0x0000000091200000, 0x0000000091200000| Untracked 
| 237|0x0000000091300000, 0x0000000091300000, 0x0000000091400000|  0%| F|  |TAMS 0x0000000091300000, 0x0000000091300000| Untracked 
| 238|0x0000000091400000, 0x0000000091400000, 0x0000000091500000|  0%| F|  |TAMS 0x0000000091400000, 0x0000000091400000| Untracked 
| 239|0x0000000091500000, 0x0000000091500000, 0x0000000091600000|  0%| F|  |TAMS 0x0000000091500000, 0x0000000091500000| Untracked 
| 240|0x0000000091600000, 0x0000000091600000, 0x0000000091700000|  0%| F|  |TAMS 0x0000000091600000, 0x0000000091600000| Untracked 
| 241|0x0000000091700000, 0x0000000091700000, 0x0000000091800000|  0%| F|  |TAMS 0x0000000091700000, 0x0000000091700000| Untracked 
| 242|0x0000000091800000, 0x0000000091800000, 0x0000000091900000|  0%| F|  |TAMS 0x0000000091800000, 0x0000000091800000| Untracked 
| 243|0x0000000091900000, 0x0000000091900000, 0x0000000091a00000|  0%| F|  |TAMS 0x0000000091900000, 0x0000000091900000| Untracked 
| 244|0x0000000091a00000, 0x0000000091a00000, 0x0000000091b00000|  0%| F|  |TAMS 0x0000000091a00000, 0x0000000091a00000| Untracked 
| 245|0x0000000091b00000, 0x0000000091b00000, 0x0000000091c00000|  0%| F|  |TAMS 0x0000000091b00000, 0x0000000091b00000| Untracked 
| 246|0x0000000091c00000, 0x0000000091c00000, 0x0000000091d00000|  0%| F|  |TAMS 0x0000000091c00000, 0x0000000091c00000| Untracked 
| 247|0x0000000091d00000, 0x0000000091d00000, 0x0000000091e00000|  0%| F|  |TAMS 0x0000000091d00000, 0x0000000091d00000| Untracked 
| 248|0x0000000091e00000, 0x0000000091e00000, 0x0000000091f00000|  0%| F|  |TAMS 0x0000000091e00000, 0x0000000091e00000| Untracked 
| 249|0x0000000091f00000, 0x0000000091f00000, 0x0000000092000000|  0%| F|  |TAMS 0x0000000091f00000, 0x0000000091f00000| Untracked 
| 250|0x0000000092000000, 0x0000000092000000, 0x0000000092100000|  0%| F|  |TAMS 0x0000000092000000, 0x0000000092000000| Untracked 
| 251|0x0000000092100000, 0x0000000092100000, 0x0000000092200000|  0%| F|  |TAMS 0x0000000092100000, 0x0000000092100000| Untracked 
| 252|0x0000000092200000, 0x0000000092200000, 0x0000000092300000|  0%| F|  |TAMS 0x0000000092200000, 0x0000000092200000| Untracked 
| 253|0x0000000092300000, 0x0000000092300000, 0x0000000092400000|  0%| F|  |TAMS 0x0000000092300000, 0x0000000092300000| Untracked 
| 254|0x0000000092400000, 0x0000000092400000, 0x0000000092500000|  0%| F|  |TAMS 0x0000000092400000, 0x0000000092400000| Untracked 
| 255|0x0000000092500000, 0x0000000092500000, 0x0000000092600000|  0%| F|  |TAMS 0x0000000092500000, 0x0000000092500000| Untracked 
| 256|0x0000000092600000, 0x0000000092600000, 0x0000000092700000|  0%| F|  |TAMS 0x0000000092600000, 0x0000000092600000| Untracked 
| 257|0x0000000092700000, 0x0000000092700000, 0x0000000092800000|  0%| F|  |TAMS 0x0000000092700000, 0x0000000092700000| Untracked 
| 258|0x0000000092800000, 0x0000000092800000, 0x0000000092900000|  0%| F|  |TAMS 0x0000000092800000, 0x0000000092800000| Untracked 
| 259|0x0000000092900000, 0x0000000092900000, 0x0000000092a00000|  0%| F|  |TAMS 0x0000000092900000, 0x0000000092900000| Untracked 
| 260|0x0000000092a00000, 0x0000000092a00000, 0x0000000092b00000|  0%| F|  |TAMS 0x0000000092a00000, 0x0000000092a00000| Untracked 
| 261|0x0000000092b00000, 0x0000000092b00000, 0x0000000092c00000|  0%| F|  |TAMS 0x0000000092b00000, 0x0000000092b00000| Untracked 
| 262|0x0000000092c00000, 0x0000000092c00000, 0x0000000092d00000|  0%| F|  |TAMS 0x0000000092c00000, 0x0000000092c00000| Untracked 
| 263|0x0000000092d00000, 0x0000000092d00000, 0x0000000092e00000|  0%| F|  |TAMS 0x0000000092d00000, 0x0000000092d00000| Untracked 

Card table byte_map: [0x00000204fc8c0000,0x00000204fccb0000] _byte_map_base: 0x00000204fc4ad000

Marking Bits (Prev, Next): (CMBitMap*) 0x00000204e5b75020, (CMBitMap*) 0x00000204e5b74fe8
 Prev Bits: [0x0000020480000000, 0x0000020481f68000)
 Next Bits: [0x00000204fd0a0000, 0x00000204ff008000)

Polling page: 0x00000204e3ad0000

Metaspace:

Usage:
  Non-class:     81.98 MB capacity,    80.34 MB ( 98%) used,     1.33 MB (  2%) free+waste,   316.81 KB ( <1%) overhead. 
      Class:     12.24 MB capacity,    11.26 MB ( 92%) used,   850.95 KB (  7%) free+waste,   150.13 KB (  1%) overhead. 
       Both:     94.22 MB capacity,    91.60 MB ( 97%) used,     2.16 MB (  2%) free+waste,   466.94 KB ( <1%) overhead. 

Virtual space:
  Non-class space:       84.00 MB reserved,      82.17 MB ( 98%) committed 
      Class space:        1.00 GB reserved,      12.25 MB (  1%) committed 
             Both:        1.08 GB reserved,      94.42 MB (  9%) committed 

Chunk freelists:
   Non-Class:  896 bytes
       Class:  1.50 KB
        Both:  2.38 KB

CodeHeap 'non-profiled nmethods': size=238336Kb used=20868Kb max_used=20868Kb free=217467Kb
 bounds [0x00000204ed8e0000, 0x00000204eed50000, 0x00000204fc1a0000]
CodeHeap 'non-nmethods': size=7424Kb used=1430Kb max_used=1430Kb free=5993Kb
 bounds [0x00000204ed1a0000, 0x00000204ed410000, 0x00000204ed8e0000]
 total_blobs=12328 nmethods=11564 adapters=697
 compilation: enabled
              stopped_count=0, restarted_count=0
 full_count=0

Compilation events (10 events):
Event: 16.686 Thread 0x00000204ffbea000 11560       1       jdk.xml.internal.SecuritySupport$$Lambda$337/0x0000000100331440::<init> (10 bytes)
Event: 16.686 Thread 0x00000204ffbea000 nmethod 11560 0x00000204eed3ce90 code [0x00000204eed3d020, 0x00000204eed3d118]
Event: 16.686 Thread 0x00000204ffbea000 11561       1       jdk.xml.internal.SecuritySupport$$Lambda$337/0x0000000100331440::run (8 bytes)
Event: 16.687 Thread 0x00000204ffbea000 nmethod 11561 0x00000204eed3d190 code [0x00000204eed3d380, 0x00000204eed3d638]
Event: 16.687 Thread 0x00000204ffbea000 11562       1       jdk.xml.internal.SecuritySupport::lambda$getSystemProperty$0 (5 bytes)
Event: 16.687 Thread 0x00000204ffbea000 nmethod 11562 0x00000204eed3d890 code [0x00000204eed3da80, 0x00000204eed3dd18]
Event: 16.688 Thread 0x00000204ffbea000 11563   !   1       jdk.xml.internal.SecuritySupport::readJAXPProperty (147 bytes)
Event: 16.691 Thread 0x00000204ffbea000 nmethod 11563 0x00000204eed3df10 code [0x00000204eed3e2c0, 0x00000204eed3f648]
Event: 16.760 Thread 0x00000204ffbea000 11564       1       org.springframework.boot.context.properties.ConfigurationPropertiesBean::findFactoryMethodUsingReflection (84 bytes)
Event: 16.761 Thread 0x00000204ffbea000 nmethod 11564 0x00000204eed40b10 code [0x00000204eed40d40, 0x00000204eed410b8]

GC Heap History (10 events):
Event: 15.493 GC heap after
{Heap after GC invocations=27 (full 0):
 garbage-first heap   total 270336K, used 83631K [0x0000000082600000, 0x0000000100000000)
  region size 1024K, 9 young (9216K), 9 survivors (9216K)
 Metaspace       used 91982K, capacity 94520K, committed 94640K, reserved 1132544K
  class space    used 11311K, capacity 12265K, committed 12288K, reserved 1048576K
}
Event: 16.064 GC heap before
{Heap before GC invocations=27 (full 0):
 garbage-first heap   total 270336K, used 229039K [0x0000000082600000, 0x0000000100000000)
  region size 1024K, 148 young (151552K), 9 survivors (9216K)
 Metaspace       used 93598K, capacity 96224K, committed 96432K, reserved 1132544K
  class space    used 11500K, capacity 12490K, committed 12544K, reserved 1048576K
}
Event: 16.087 GC heap after
{Heap after GC invocations=28 (full 0):
 garbage-first heap   total 270336K, used 107492K [0x0000000082600000, 0x0000000100000000)
  region size 1024K, 19 young (19456K), 19 survivors (19456K)
 Metaspace       used 93598K, capacity 96224K, committed 96432K, reserved 1132544K
  class space    used 11500K, capacity 12490K, committed 12544K, reserved 1048576K
}
Event: 16.306 GC heap before
{Heap before GC invocations=28 (full 0):
 garbage-first heap   total 270336K, used 213988K [0x0000000082600000, 0x0000000100000000)
  region size 1024K, 122 young (124928K), 19 survivors (19456K)
 Metaspace       used 93691K, capacity 96300K, committed 96432K, reserved 1132544K
  class space    used 11510K, capacity 12494K, committed 12544K, reserved 1048576K
}
Event: 16.333 GC heap after
{Heap after GC invocations=29 (full 0):
 garbage-first heap   total 270336K, used 133402K [0x0000000082600000, 0x0000000100000000)
  region size 1024K, 16 young (16384K), 16 survivors (16384K)
 Metaspace       used 93691K, capacity 96300K, committed 96432K, reserved 1132544K
  class space    used 11510K, capacity 12494K, committed 12544K, reserved 1048576K
}
Event: 16.490 GC heap before
{Heap before GC invocations=29 (full 0):
 garbage-first heap   total 270336K, used 212250K [0x0000000082600000, 0x0000000100000000)
  region size 1024K, 92 young (94208K), 16 survivors (16384K)
 Metaspace       used 93699K, capacity 96303K, committed 96432K, reserved 1132544K
  class space    used 11511K, capacity 12495K, committed 12544K, reserved 1048576K
}
Event: 16.514 GC heap after
{Heap after GC invocations=30 (full 0):
 garbage-first heap   total 270336K, used 157696K [0x0000000082600000, 0x0000000100000000)
  region size 1024K, 12 young (12288K), 12 survivors (12288K)
 Metaspace       used 93699K, capacity 96303K, committed 96432K, reserved 1132544K
  class space    used 11511K, capacity 12495K, committed 12544K, reserved 1048576K
}
Event: 16.558 GC heap before
{Heap before GC invocations=30 (full 0):
 garbage-first heap   total 270336K, used 186368K [0x0000000082600000, 0x0000000100000000)
  region size 1024K, 42 young (43008K), 12 survivors (12288K)
 Metaspace       used 93699K, capacity 96303K, committed 96432K, reserved 1132544K
  class space    used 11511K, capacity 12495K, committed 12544K, reserved 1048576K
}
Event: 16.570 GC heap after
{Heap after GC invocations=31 (full 0):
 garbage-first heap   total 270336K, used 166912K [0x0000000082600000, 0x0000000100000000)
  region size 1024K, 8 young (8192K), 8 survivors (8192K)
 Metaspace       used 93699K, capacity 96303K, committed 96432K, reserved 1132544K
  class space    used 11511K, capacity 12495K, committed 12544K, reserved 1048576K
}
Event: 16.781 GC heap before
{Heap before GC invocations=31 (full 0):
 garbage-first heap   total 270336K, used 188416K [0x0000000082600000, 0x0000000100000000)
  region size 1024K, 50 young (51200K), 8 survivors (8192K)
 Metaspace       used 93799K, capacity 96477K, committed 96688K, reserved 1134592K
  class space    used 11530K, capacity 12532K, committed 12544K, reserved 1048576K
}

Deoptimization events (0 events):
No events

Classes redefined (0 events):
No events

Internal exceptions (10 events):
Event: 16.689 Thread 0x00000204e5b36000 Exception <a 'java/security/PrivilegedActionException'{0x00000000901e4040}> (0x00000000901e4040) thrown at [./open/src/hotspot/share/prims/jvm.cpp, line 1305]
Event: 16.689 Thread 0x00000204e5b36000 Exception <a 'java/security/PrivilegedActionException'{0x00000000901e45b8}> (0x00000000901e45b8) thrown at [./open/src/hotspot/share/prims/jvm.cpp, line 1305]
Event: 16.689 Thread 0x00000204e5b36000 Exception <a 'java/security/PrivilegedActionException'{0x00000000901e7e70}> (0x00000000901e7e70) thrown at [./open/src/hotspot/share/prims/jvm.cpp, line 1305]
Event: 16.689 Thread 0x00000204e5b36000 Exception <a 'java/security/PrivilegedActionException'{0x00000000901e83e8}> (0x00000000901e83e8) thrown at [./open/src/hotspot/share/prims/jvm.cpp, line 1305]
Event: 16.689 Thread 0x00000204e5b36000 Exception <a 'java/security/PrivilegedActionException'{0x00000000901e9ac8}> (0x00000000901e9ac8) thrown at [./open/src/hotspot/share/prims/jvm.cpp, line 1305]
Event: 16.689 Thread 0x00000204e5b36000 Exception <a 'java/security/PrivilegedActionException'{0x00000000901ea040}> (0x00000000901ea040) thrown at [./open/src/hotspot/share/prims/jvm.cpp, line 1305]
Event: 16.690 Thread 0x00000204e5b36000 Exception <a 'java/security/PrivilegedActionException'{0x00000000901eb8a0}> (0x00000000901eb8a0) thrown at [./open/src/hotspot/share/prims/jvm.cpp, line 1305]
Event: 16.690 Thread 0x00000204e5b36000 Exception <a 'java/security/PrivilegedActionException'{0x00000000901ebe18}> (0x00000000901ebe18) thrown at [./open/src/hotspot/share/prims/jvm.cpp, line 1305]
Event: 16.690 Thread 0x00000204e5b36000 Exception <a 'java/security/PrivilegedActionException'{0x00000000901ed4f0}> (0x00000000901ed4f0) thrown at [./open/src/hotspot/share/prims/jvm.cpp, line 1305]
Event: 16.690 Thread 0x00000204e5b36000 Exception <a 'java/security/PrivilegedActionException'{0x00000000901eda68}> (0x00000000901eda68) thrown at [./open/src/hotspot/share/prims/jvm.cpp, line 1305]

Events (10 events):
Event: 16.774 loading class org/springframework/orm/jpa/JpaTransactionManager$JpaTransactionObject done
Event: 16.775 loading class org/springframework/jdbc/datasource/JdbcTransactionObjectSupport
Event: 16.775 loading class org/springframework/jdbc/datasource/JdbcTransactionObjectSupport done
Event: 16.776 loading class org/springframework/transaction/support/SmartTransactionObject
Event: 16.776 loading class org/springframework/transaction/support/SmartTransactionObject done
Event: 16.776 loading class org/springframework/transaction/support/AbstractPlatformTransactionManager$SuspendedResourcesHolder
Event: 16.776 loading class org/springframework/transaction/support/AbstractPlatformTransactionManager$SuspendedResourcesHolder done
Event: 16.777 loading class org/springframework/jdbc/datasource/TransactionAwareDataSourceProxy
Event: 16.777 loading class org/springframework/jdbc/datasource/TransactionAwareDataSourceProxy done
Event: 16.780 Executing VM operation: G1CollectForAllocation


Dynamic libraries:
0x00007ff672640000 - 0x00007ff67264f000 	C:\Program Files\Java\jdk-11.0.14\bin\java.exe
0x00007ff9e7750000 - 0x00007ff9e7945000 	C:\WINDOWS\SYSTEM32\ntdll.dll
0x00007ff9e6c30000 - 0x00007ff9e6cee000 	C:\WINDOWS\System32\KERNEL32.DLL
0x00007ff9e50a0000 - 0x00007ff9e5368000 	C:\WINDOWS\System32\KERNELBASE.dll
0x00007ff9e4ef0000 - 0x00007ff9e4ff0000 	C:\WINDOWS\System32\ucrtbase.dll
0x00007ff9e1b60000 - 0x00007ff9e1b78000 	C:\Program Files\Java\jdk-11.0.14\bin\jli.dll
0x00007ff9e1a70000 - 0x00007ff9e1a85000 	C:\Program Files\Java\jdk-11.0.14\bin\VCRUNTIME140.dll
0x00007ff9e6b80000 - 0x00007ff9e6c2e000 	C:\WINDOWS\System32\ADVAPI32.dll
0x00007ff9e6e90000 - 0x00007ff9e6f2e000 	C:\WINDOWS\System32\msvcrt.dll
0x00007ff9e6520000 - 0x00007ff9e65bc000 	C:\WINDOWS\System32\sechost.dll
0x00007ff9e65d0000 - 0x00007ff9e66f5000 	C:\WINDOWS\System32\RPCRT4.dll
0x00007ff9e6700000 - 0x00007ff9e68a1000 	C:\WINDOWS\System32\USER32.dll
0x00007ff9e5500000 - 0x00007ff9e5522000 	C:\WINDOWS\System32\win32u.dll
0x00007ff9d1390000 - 0x00007ff9d162a000 	C:\WINDOWS\WinSxS\amd64_microsoft.windows.common-controls_6595b64144ccf1df_6.0.19041.1110_none_60b5254171f9507e\COMCTL32.dll
0x00007ff9e58d0000 - 0x00007ff9e58fb000 	C:\WINDOWS\System32\GDI32.dll
0x00007ff9e5530000 - 0x00007ff9e563d000 	C:\WINDOWS\System32\gdi32full.dll
0x00007ff9e5640000 - 0x00007ff9e56dd000 	C:\WINDOWS\System32\msvcp_win.dll
0x00007ff9ddf00000 - 0x00007ff9ddf0a000 	C:\WINDOWS\SYSTEM32\VERSION.dll
0x00007ff9e6100000 - 0x00007ff9e6130000 	C:\WINDOWS\System32\IMM32.DLL
0x00007ff9cbf60000 - 0x00007ff9cbffb000 	C:\Program Files\Java\jdk-11.0.14\bin\msvcp140.dll
0x00007ff97ed80000 - 0x00007ff97f896000 	C:\Program Files\Java\jdk-11.0.14\bin\server\jvm.dll
0x00007ff9e7690000 - 0x00007ff9e7698000 	C:\WINDOWS\System32\PSAPI.DLL
0x00007ff9cf0a0000 - 0x00007ff9cf0a9000 	C:\WINDOWS\SYSTEM32\WSOCK32.dll
0x00007ff9d3840000 - 0x00007ff9d3867000 	C:\WINDOWS\SYSTEM32\WINMM.dll
0x00007ff9e76a0000 - 0x00007ff9e770b000 	C:\WINDOWS\System32\WS2_32.dll
0x00007ff9e2d50000 - 0x00007ff9e2d62000 	C:\WINDOWS\SYSTEM32\kernel.appcore.dll
0x00007ff9e1b50000 - 0x00007ff9e1b60000 	C:\Program Files\Java\jdk-11.0.14\bin\verify.dll
0x00007ff9cf5f0000 - 0x00007ff9cf7d4000 	C:\WINDOWS\SYSTEM32\DBGHELP.DLL
0x00007ff9cd5f0000 - 0x00007ff9cd61c000 	C:\WINDOWS\SYSTEM32\dbgcore.DLL
0x00007ff9e4e60000 - 0x00007ff9e4ee2000 	C:\WINDOWS\System32\bcryptPrimitives.dll
0x00007ff9cd5c0000 - 0x00007ff9cd5e8000 	C:\Program Files\Java\jdk-11.0.14\bin\java.dll
0x00007ff9e1a30000 - 0x00007ff9e1a3a000 	C:\Program Files\Java\jdk-11.0.14\bin\jimage.dll
0x00007ff9cd4a0000 - 0x00007ff9cd4d8000 	C:\Program Files\Java\jdk-11.0.14\bin\jdwp.dll
0x00007ff9e1b00000 - 0x00007ff9e1b0e000 	C:\Program Files\Java\jdk-11.0.14\bin\instrument.dll
0x00007ff9e17a0000 - 0x00007ff9e17b6000 	C:\Program Files\Java\jdk-11.0.14\bin\zip.dll
0x00007ff9e6f30000 - 0x00007ff9e7674000 	C:\WINDOWS\System32\SHELL32.dll
0x00007ff9e2f50000 - 0x00007ff9e36e5000 	C:\WINDOWS\SYSTEM32\windows.storage.dll
0x00007ff9e5d80000 - 0x00007ff9e60d5000 	C:\WINDOWS\System32\combase.dll
0x00007ff9e48b0000 - 0x00007ff9e48de000 	C:\WINDOWS\SYSTEM32\Wldp.dll
0x00007ff9e5790000 - 0x00007ff9e583d000 	C:\WINDOWS\System32\SHCORE.dll
0x00007ff9e64c0000 - 0x00007ff9e6515000 	C:\WINDOWS\System32\shlwapi.dll
0x00007ff9e4da0000 - 0x00007ff9e4dbf000 	C:\WINDOWS\SYSTEM32\profapi.dll
0x00007ff9e1ab0000 - 0x00007ff9e1aba000 	C:\Program Files\Java\jdk-11.0.14\bin\dt_socket.dll
0x00007ff9e4610000 - 0x00007ff9e467a000 	C:\WINDOWS\system32\mswsock.dll
0x00007ff9cd680000 - 0x00007ff9cd699000 	C:\Program Files\Java\jdk-11.0.14\bin\net.dll
0x00007ff9da690000 - 0x00007ff9da79c000 	C:\WINDOWS\SYSTEM32\WINHTTP.dll
0x00007ff9cd550000 - 0x00007ff9cd562000 	C:\Program Files\Java\jdk-11.0.14\bin\nio.dll
0x00007ff9e4300000 - 0x00007ff9e43cb000 	C:\WINDOWS\SYSTEM32\DNSAPI.dll
0x00007ff9e42b0000 - 0x00007ff9e42eb000 	C:\WINDOWS\SYSTEM32\IPHLPAPI.DLL
0x00007ff9e7680000 - 0x00007ff9e7688000 	C:\WINDOWS\System32\NSI.dll
0x00007ff9dd380000 - 0x00007ff9dd38a000 	C:\Windows\System32\rasadhlp.dll
0x00007ff9d2100000 - 0x00007ff9d217f000 	C:\WINDOWS\System32\fwpuclnt.dll
0x00007ff9e54d0000 - 0x00007ff9e54f7000 	C:\WINDOWS\System32\bcrypt.dll
0x00007ff9dfc40000 - 0x00007ff9dfc49000 	C:\Program Files\Java\jdk-11.0.14\bin\management.dll
0x00007ff9df7d0000 - 0x00007ff9df7db000 	C:\Program Files\Java\jdk-11.0.14\bin\management_ext.dll
0x00007ff9e4800000 - 0x00007ff9e4818000 	C:\WINDOWS\SYSTEM32\CRYPTSP.dll
0x00007ff9e3f20000 - 0x00007ff9e3f54000 	C:\WINDOWS\system32\rsaenh.dll
0x00007ff9e4d60000 - 0x00007ff9e4d8e000 	C:\WINDOWS\SYSTEM32\USERENV.dll
0x00007ff9e4820000 - 0x00007ff9e482c000 	C:\WINDOWS\SYSTEM32\CRYPTBASE.dll
0x00007ff9ddf10000 - 0x00007ff9ddf27000 	C:\WINDOWS\SYSTEM32\dhcpcsvc6.DLL
0x00007ff9de1f0000 - 0x00007ff9de20d000 	C:\WINDOWS\SYSTEM32\dhcpcsvc.DLL
0x00007ff9c65e0000 - 0x00007ff9c65f7000 	C:\WINDOWS\system32\napinsp.dll
0x00007ff9c65c0000 - 0x00007ff9c65db000 	C:\WINDOWS\system32\pnrpnsp.dll
0x00007ff9df7a0000 - 0x00007ff9df7b5000 	C:\WINDOWS\system32\wshbth.dll
0x00007ff9e1860000 - 0x00007ff9e187d000 	C:\WINDOWS\system32\NLAapi.dll
0x00007ff9c65a0000 - 0x00007ff9c65b2000 	C:\WINDOWS\System32\winrnr.dll
0x00007ff9def00000 - 0x00007ff9def0d000 	C:\Program Files\Java\jdk-11.0.14\bin\sunmscapi.dll
0x00007ff9e5370000 - 0x00007ff9e54c6000 	C:\WINDOWS\System32\CRYPT32.dll
0x00007ff9e4920000 - 0x00007ff9e4947000 	C:\WINDOWS\SYSTEM32\ncrypt.dll
0x00007ff9e48e0000 - 0x00007ff9e491b000 	C:\WINDOWS\SYSTEM32\NTASN1.dll
0x00007ff9cd510000 - 0x00007ff9cd535000 	C:\Program Files\Java\jdk-11.0.14\bin\sunec.dll

dbghelp: loaded successfully - version: 4.0.5 - missing functions: none
symbol engine: initialized successfully - sym options: 0x614 - pdb path: .;C:\Program Files\Java\jdk-11.0.14\bin;C:\WINDOWS\SYSTEM32;C:\WINDOWS\WinSxS\amd64_microsoft.windows.common-controls_6595b64144ccf1df_6.0.19041.1110_none_60b5254171f9507e;C:\Program Files\Java\jdk-11.0.14\bin\server

VM Arguments:
jvm_args: -agentlib:jdwp=transport=dt_socket,address=127.0.0.1:50449,suspend=y,server=n -XX:TieredStopAtLevel=1 -Xverify:none -Dspring.output.ansi.enabled=always -javaagent:C:\Users\cuong\AppData\Local\JetBrains\IntelliJIdea2021.2\groovyHotSwap\gragent.jar -javaagent:C:\Users\cuong\AppData\Local\JetBrains\IntelliJIdea2021.2\captureAgent\debugger-agent.jar -Dcom.sun.management.jmxremote -Dspring.jmx.enabled=true -Dspring.liveBeansView.mbeanDomain -Dspring.application.admin.enabled=true -Dfile.encoding=UTF-8 
java_command: vn.ngs.nspace.recruiting.Application
java_class_path (initial): D:\SICIX\SOURCE\recruiting-service\service\build\classes\java\main;D:\SICIX\SOURCE\recruiting-service\service\build\resources\main;C:\Users\cuong\.gradle\caches\modules-2\files-2.1\org.projectlombok\lombok\1.18.18\481f5bfed3ae29f656eedfe9e98c8365b8ba5c57\lombok-1.18.18.jar;C:\Users\cuong\.gradle\caches\modules-2\files-2.1\vn.ngs.nspace\ns-lib\1.0.62\5a8bde9f1c55f67dd3f37ae2ef119773b82cb551\ns-lib-1.0.62.jar;C:\Users\cuong\.gradle\caches\modules-2\files-2.1\vn.ngs.nspace\ns-kafka\1.0.15\4f5692a19e1fab72719c2c9ea2ca18cc566419b1\ns-kafka-1.0.15.jar;C:\Users\cuong\.gradle\caches\modules-2\files-2.1\vn.ngs.nspace\config-share\1.0.35\cd7c3db104036d80e97b3cf46839dc4933241b18\config-share-1.0.35.jar;C:\Users\cuong\.gradle\caches\modules-2\files-2.1\vn.ngs.nspace\user-share\1.0.37\90ccb341b6f1b943374a1a6d57c55b9e8dc9130f\user-share-1.0.37.jar;C:\Users\cuong\.gradle\caches\modules-2\files-2.1\vn.ngs.nspace\request-share\1.0.4\bf8abb1114ae203783b5fe2a89762e514d98897\request-share-1.0.4.jar;C:\Users\cuong\.gradle\caches\modules-2\files-2.1\vn.ngs.nspace\ns-cache\1.0.102\ae2b9a1114cfb518586f5d877b600b4ea8864fa\ns-cache-1.0.102.jar;C:\Users\cuong\.gradle\caches\modules-2\files-2.1\vn.ngs.nspace\ns-utils\1.0.31\4c43c657307dedd8fc072d94e498c8084b885d11\ns-utils-1.0.31.jar;C:\Users\cuong\.gradle\caches\modules-2\files-2.1\com.esotericsoftware\kryo\5.1.0\3ac73a2708e346f7de4c697122423d96250dd85c\kryo-5.1.0.jar;C:\Users\cuong\.gradle\caches\modules-2\files-2.1\vn.ngs.nspace\task-core\1.1.73\f20969ab8685a39db0172ba97cf7c55f72867b8b\task-core-1.1.73.jar;C:\Users\cuong\.gradle\caches\modules-2\files-2.1\vn.ngs.nspace\ns-permission\1.0.63\900d6328e288b6dbcc3444d20e1c480cbbc7ad9c\ns-permission-1.0.63.jar;C:\Users\cuong\.gradle\caches\modules-2\files-2.1\vn.ngs.nspace\person-share\1.0.16\70749104b54f40d9b813ada7f085ae6629061e1b\person-share-1.0.16.jar;C:\Users\cuong\.gradle\caches\modules-2\files-2.1\vn.ngs.space\hcm-share\1.0.3\ace18a04006a509f1f6d4fb7fb4370012c
Launcher Type: SUN_STANDARD

[Global flags]
     bool BytecodeVerificationLocal                = false                                     {product} {command line}
     bool BytecodeVerificationRemote               = false                                     {product} {command line}
     intx CICompilerCount                          = 4                                         {product} {ergonomic}
     uint ConcGCThreads                            = 2                                         {product} {ergonomic}
     uint G1ConcRefinementThreads                  = 8                                         {product} {ergonomic}
   size_t G1HeapRegionSize                         = 1048576                                   {product} {ergonomic}
    uintx GCDrainStackTargetSize                   = 64                                        {product} {ergonomic}
   size_t InitialHeapSize                          = 132120576                                 {product} {ergonomic}
     bool ManagementServer                         = true                                      {product} {command line}
   size_t MarkStackSize                            = 4194304                                   {product} {ergonomic}
   size_t MaxHeapSize                              = 2107637760                                {product} {ergonomic}
   size_t MaxNewSize                               = 1264582656                                {product} {ergonomic}
   size_t MinHeapDeltaBytes                        = 1048576                                   {product} {ergonomic}
    uintx NonNMethodCodeHeapSize                   = 7549744                                {pd product} {ergonomic}
    uintx NonProfiledCodeHeapSize                  = 244108496                              {pd product} {ergonomic}
    uintx ProfiledCodeHeapSize                     = 0                                      {pd product} {ergonomic}
    uintx ReservedCodeCacheSize                    = 251658240                              {pd product} {ergonomic}
     bool SegmentedCodeCache                       = true                                      {product} {ergonomic}
     intx TieredStopAtLevel                        = 1                                         {product} {command line}
     bool UseCompressedClassPointers               = true                                 {lp64_product} {ergonomic}
     bool UseCompressedOops                        = true                                 {lp64_product} {ergonomic}
     bool UseG1GC                                  = true                                      {product} {ergonomic}
     bool UseLargePagesIndividualAllocation        = false                                  {pd product} {ergonomic}

Logging:
Log output configuration:
 #0: stdout all=warning uptime,level,tags
 #1: stderr all=off uptime,level,tags

Environment Variables:
JAVA_HOME=C:\Program Files\Java\jdk-11.0.14
PATH=C:\Program Files\Common Files\Oracle\Java\javapath;C:\Python39\Scripts\;C:\Python39\;C:\WINDOWS\system32;C:\WINDOWS;C:\WINDOWS\System32\Wbem;C:\WINDOWS\System32\WindowsPowerShell\v1.0\;C:\WINDOWS\System32\OpenSSH\;C:\Program Files\Microsoft VS Code\bin;C:\ProgramData\chocolatey\bin;C:\Program Files\Git\cmd;C:\Program Files\TortoiseSVN\bin;D:\Android\Sdk\platform-tools;C:\Program Files\Java\jdk1.8.0_301;C:\Program Files\Java\jdk1.8.0_301\bin;C:\Program Files\Java\jdk1.8.0_301\bin\;C:\Program Files (x86)\NVIDIA Corporation\PhysX\Common;C:\Program Files (x86)\Microsoft SQL Server\150\DTS\Binn\;C:\Program Files\nodejs\;C:\Gradle\gradle-4.10.2\bin;C:\Users\cuong\AppData\Local\Microsoft\WindowsApps;C:\Program Files\JetBrains\IntelliJ IDEA 2021.2.2\bin;;C:\Program Files\Azure Data Studio\bin;C:\Users\cuong\AppData\Roaming\npm;C:\Program Files\heroku\bin;C:\Gradle\gradle-4.10.2\bin;
USERNAME=cuong
OS=Windows_NT
PROCESSOR_IDENTIFIER=Intel64 Family 6 Model 158 Stepping 10, GenuineIntel



---------------  S Y S T E M  ---------------

OS: Windows 10 , 64 bit Build 19041 (10.0.19041.1466)

CPU:total 8 (initial active 8) (4 cores per cpu, 2 threads per core) family 6 model 158 stepping 10 microcode 0xb4, cmov, cx8, fxsr, mmx, sse, sse2, sse3, ssse3, sse4.1, sse4.2, popcnt, avx, avx2, aes, clmul, erms, 3dnowpref, lzcnt, ht, tsc, tscinvbit, bmi1, bmi2, adx, fma

Memory: 4k page, system-wide physical 8038M (691M free)
TotalPageFile size 14758M (AvailPageFile size 28M)
current process WorkingSet (physical memory assigned to process): 503M, peak: 506M
current process commit charge ("private bytes"): 553M, peak: 614M

vm_info: Java HotSpot(TM) 64-Bit Server VM (11.0.14+8-LTS-263) for windows-amd64 JRE (11.0.14+8-LTS-263), built on Dec  7 2021 21:53:57 by "mach5one" with MS VC++ 15.9 (VS2017)

END.
